 
****************************************
Report : area
Design : geofence
Version: M-2016.12
Date   : Thu Jul 14 17:47:49 2022
****************************************

Library(s) Used:

    slow (File: /usr/cad/Design_Kit/CBDK_IC_Contest_v2.1/SynopsysDC/db/slow.db)

Number of ports:                         3039
Number of nets:                         15888
Number of cells:                        11562
Number of combinational cells:          10919
Number of sequential cells:               581
Number of macros/black boxes:               0
Number of buf/inv:                       2199
Number of references:                     136

Combinational area:             133407.153144
Buf/Inv area:                    11308.078664
Noncombinational area:           17279.531425
Macro/Black Box area:                0.000000
Net Interconnect area:         1375926.898560

Total cell area:                150686.684569
Total area:                    1526613.583129
1
